<?xml version="1.0" encoding="UTF-8"?>
<coverage generated="1664130328397" clover="3.2.0">
  <project timestamp="1664130328398" name="All files">
    <metrics statements="95" coveredstatements="77" conditionals="28" coveredconditionals="14" methods="29" coveredmethods="19" elements="152" coveredelements="110" complexity="0" loc="95" ncloc="95" packages="5" files="5" classes="5"/>
    <package name="src">
      <metrics statements="4" coveredstatements="4" conditionals="0" coveredconditionals="0" methods="0" coveredmethods="0"/>
      <file name="database.ts" path="/home/januacele/Documentos/Driven/Projetos/projeto21-singmeasong/back-end/src/database.ts">
        <metrics statements="4" coveredstatements="4" conditionals="0" coveredconditionals="0" methods="0" coveredmethods="0"/>
        <line num="1" count="1" type="stmt"/>
        <line num="3" count="1" type="stmt"/>
        <line num="4" count="1" type="stmt"/>
        <line num="6" count="1" type="stmt"/>
      </file>
    </package>
    <package name="src.repositories">
      <metrics statements="13" coveredstatements="7" conditionals="1" coveredconditionals="1" methods="8" coveredmethods="4"/>
      <file name="recommendationRepository.ts" path="/home/januacele/Documentos/Driven/Projetos/projeto21-singmeasong/back-end/src/repositories/recommendationRepository.ts">
        <metrics statements="13" coveredstatements="7" conditionals="1" coveredconditionals="1" methods="8" coveredmethods="4"/>
        <line num="2" count="1" type="stmt"/>
        <line num="6" count="0" type="stmt"/>
        <line num="17" count="1" type="stmt"/>
        <line num="19" count="1" type="stmt"/>
        <line num="27" count="0" type="stmt"/>
        <line num="36" count="1" type="cond" truecount="1" falsecount="0"/>
        <line num="38" count="0" type="stmt"/>
        <line num="40" count="0" type="stmt"/>
        <line num="46" count="3" type="stmt"/>
        <line num="52" count="1" type="stmt"/>
        <line num="58" count="0" type="stmt"/>
        <line num="67" count="0" type="stmt"/>
        <line num="72" count="1" type="stmt"/>
      </file>
    </package>
    <package name="src.services">
      <metrics statements="32" coveredstatements="32" conditionals="6" coveredconditionals="6" methods="9" coveredmethods="9"/>
      <file name="recommendationsService.ts" path="/home/januacele/Documentos/Driven/Projetos/projeto21-singmeasong/back-end/src/services/recommendationsService.ts">
        <metrics statements="32" coveredstatements="32" conditionals="6" coveredconditionals="6" methods="9" coveredmethods="9"/>
        <line num="2" count="1" type="stmt"/>
        <line num="3" count="1" type="stmt"/>
        <line num="8" count="2" type="stmt"/>
        <line num="11" count="2" type="cond" truecount="1" falsecount="0"/>
        <line num="12" count="1" type="stmt"/>
        <line num="14" count="1" type="stmt"/>
        <line num="18" count="2" type="stmt"/>
        <line num="20" count="1" type="stmt"/>
        <line num="24" count="3" type="stmt"/>
        <line num="26" count="2" type="stmt"/>
        <line num="31" count="2" type="cond" truecount="1" falsecount="0"/>
        <line num="32" count="1" type="stmt"/>
        <line num="37" count="7" type="stmt"/>
        <line num="38" count="7" type="cond" truecount="1" falsecount="0"/>
        <line num="40" count="4" type="stmt"/>
        <line num="44" count="1" type="stmt"/>
        <line num="48" count="2" type="stmt"/>
        <line num="52" count="2" type="stmt"/>
        <line num="53" count="2" type="stmt"/>
        <line num="55" count="2" type="stmt"/>
        <line num="56" count="2" type="cond" truecount="1" falsecount="0"/>
        <line num="57" count="1" type="stmt"/>
        <line num="60" count="1" type="stmt"/>
        <line num="61" count="1" type="stmt"/>
        <line num="65" count="2" type="stmt"/>
        <line num="70" count="2" type="cond" truecount="1" falsecount="0"/>
        <line num="71" count="1" type="stmt"/>
        <line num="74" count="1" type="stmt"/>
        <line num="78" count="2" type="cond" truecount="1" falsecount="0"/>
        <line num="79" count="1" type="stmt"/>
        <line num="82" count="1" type="stmt"/>
        <line num="85" count="1" type="stmt"/>
      </file>
    </package>
    <package name="src.utils">
      <metrics statements="16" coveredstatements="8" conditionals="20" coveredconditionals="6" methods="6" coveredmethods="2"/>
      <file name="errorUtils.ts" path="/home/januacele/Documentos/Driven/Projetos/projeto21-singmeasong/back-end/src/utils/errorUtils.ts">
        <metrics statements="16" coveredstatements="8" conditionals="20" coveredconditionals="6" methods="6" coveredmethods="2"/>
        <line num="7" count="1" type="stmt"/>
        <line num="8" count="0" type="stmt"/>
        <line num="11" count="1" type="stmt"/>
        <line num="12" count="0" type="cond" truecount="0" falsecount="1"/>
        <line num="13" count="0" type="cond" truecount="0" falsecount="1"/>
        <line num="14" count="0" type="cond" truecount="0" falsecount="1"/>
        <line num="15" count="0" type="cond" truecount="0" falsecount="1"/>
        <line num="16" count="0" type="stmt"/>
        <line num="19" count="1" type="stmt"/>
        <line num="20" count="1" type="cond" truecount="3" falsecount="1"/>
        <line num="23" count="1" type="stmt"/>
        <line num="24" count="4" type="cond" truecount="3" falsecount="1"/>
        <line num="27" count="1" type="stmt"/>
        <line num="28" count="0" type="cond" truecount="0" falsecount="4"/>
        <line num="31" count="1" type="stmt"/>
        <line num="32" count="0" type="cond" truecount="0" falsecount="4"/>
      </file>
    </package>
    <package name="tests.factories">
      <metrics statements="30" coveredstatements="26" conditionals="1" coveredconditionals="1" methods="6" coveredmethods="4"/>
      <file name="recomendationsFactory.ts" path="/home/januacele/Documentos/Driven/Projetos/projeto21-singmeasong/back-end/tests/factories/recomendationsFactory.ts">
        <metrics statements="30" coveredstatements="26" conditionals="1" coveredconditionals="1" methods="6" coveredmethods="4"/>
        <line num="1" count="1" type="stmt"/>
        <line num="3" count="1" type="stmt"/>
        <line num="6" count="1" type="stmt"/>
        <line num="7" count="48" type="stmt"/>
        <line num="8" count="48" type="stmt"/>
        <line num="9" count="48" type="stmt"/>
        <line num="10" count="48" type="stmt"/>
        <line num="11" count="48" type="stmt"/>
        <line num="16" count="48" type="cond" truecount="1" falsecount="0"/>
        <line num="19" count="48" type="stmt"/>
        <line num="21" count="48" type="stmt"/>
        <line num="26" count="48" type="stmt"/>
        <line num="29" count="1" type="stmt"/>
        <line num="30" count="44" type="stmt"/>
        <line num="31" count="44" type="stmt"/>
        <line num="34" count="44" type="stmt"/>
        <line num="37" count="1" type="stmt"/>
        <line num="38" count="2" type="stmt"/>
        <line num="39" count="40" type="stmt"/>
        <line num="43" count="1" type="stmt"/>
        <line num="44" count="0" type="stmt"/>
        <line num="45" count="0" type="stmt"/>
        <line num="50" count="1" type="stmt"/>
        <line num="51" count="1" type="stmt"/>
        <line num="52" count="1" type="stmt"/>
        <line num="53" count="1" type="stmt"/>
        <line num="57" count="1" type="stmt"/>
        <line num="61" count="1" type="stmt"/>
        <line num="62" count="0" type="stmt"/>
        <line num="68" count="0" type="stmt"/>
      </file>
    </package>
  </project>
</coverage>
