TN:
SF:src/database.ts
FNF:0
FNH:0
DA:1,1
DA:3,1
DA:4,1
DA:6,1
LF:4
LH:4
BRF:0
BRH:0
end_of_record
TN:
SF:src/repositories/recommendationRepository.ts
FN:5,create
FN:16,findAll
FN:26,getAmountByScore
FN:33,getFindAllFilter
FN:45,find
FN:51,findByName
FN:57,updateScore
FN:66,remove
FNF:8
FNH:4
FNDA:0,create
FNDA:1,findAll
FNDA:0,getAmountByScore
FNDA:1,getFindAllFilter
FNDA:3,find
FNDA:1,findByName
FNDA:0,updateScore
FNDA:0,remove
DA:2,1
DA:6,0
DA:17,1
DA:19,1
DA:27,0
DA:36,1
DA:38,0
DA:40,0
DA:46,3
DA:52,1
DA:58,0
DA:67,0
DA:72,1
LF:13
LH:7
BRDA:36,0,0,1
BRF:1
BRH:1
end_of_record
TN:
SF:src/services/recommendationsService.ts
FN:7,insert
FN:17,upvote
FN:23,downvote
FN:36,getByIdOrFail
FN:43,get
FN:47,getTop
FN:51,getRandom
FN:64,getByScore
FN:77,getScoreFilter
FNF:9
FNH:9
FNDA:2,insert
FNDA:2,upvote
FNDA:3,downvote
FNDA:7,getByIdOrFail
FNDA:1,get
FNDA:2,getTop
FNDA:2,getRandom
FNDA:2,getByScore
FNDA:2,getScoreFilter
DA:2,1
DA:3,1
DA:8,2
DA:11,2
DA:12,1
DA:14,1
DA:18,2
DA:20,1
DA:24,3
DA:26,2
DA:31,2
DA:32,1
DA:37,7
DA:38,7
DA:40,4
DA:44,1
DA:48,2
DA:52,2
DA:53,2
DA:55,2
DA:56,2
DA:57,1
DA:60,1
DA:61,1
DA:65,2
DA:70,2
DA:71,1
DA:74,1
DA:78,2
DA:79,1
DA:82,1
DA:85,1
LF:32
LH:32
BRDA:11,0,0,1
BRDA:31,1,0,1
BRDA:38,2,0,3
BRDA:56,3,0,1
BRDA:70,4,0,1
BRDA:78,5,0,1
BRF:6
BRH:6
end_of_record
TN:
SF:src/utils/errorUtils.ts
FN:7,isAppError
FN:11,errorTypeToStatusCode
FN:19,conflictError
FN:23,notFoundError
FN:27,unauthorizedError
FN:31,wrongSchemaError
FNF:6
FNH:2
FNDA:0,isAppError
FNDA:0,errorTypeToStatusCode
FNDA:1,conflictError
FNDA:4,notFoundError
FNDA:0,unauthorizedError
FNDA:0,wrongSchemaError
DA:7,1
DA:8,0
DA:11,1
DA:12,0
DA:13,0
DA:14,0
DA:15,0
DA:16,0
DA:19,1
DA:20,1
DA:23,1
DA:24,4
DA:27,1
DA:28,0
DA:31,1
DA:32,0
LF:16
LH:8
BRDA:12,0,0,0
BRDA:13,1,0,0
BRDA:14,2,0,0
BRDA:15,3,0,0
BRDA:20,4,0,1
BRDA:20,4,1,0
BRDA:20,5,0,1
BRDA:20,5,1,1
BRDA:24,6,0,0
BRDA:24,6,1,4
BRDA:24,7,0,4
BRDA:24,7,1,4
BRDA:28,8,0,0
BRDA:28,8,1,0
BRDA:28,9,0,0
BRDA:28,9,1,0
BRDA:32,10,0,0
BRDA:32,10,1,0
BRDA:32,11,0,0
BRDA:32,11,1,0
BRF:20
BRH:6
end_of_record
TN:
SF:tests/factories/recomendationsFactory.ts
FN:6,createNewRecommendation
FN:29,insertNewRecommendation
FN:37,insertNewRecommendations
FN:43,updatedRecommendation
FN:50,registeredSongName
FNF:5
FNH:4
FNDA:48,createNewRecommendation
FNDA:44,insertNewRecommendation
FNDA:2,insertNewRecommendations
FNDA:0,updatedRecommendation
FNDA:1,registeredSongName
DA:1,1
DA:3,1
DA:6,1
DA:7,48
DA:8,48
DA:9,48
DA:10,48
DA:11,48
DA:16,48
DA:19,48
DA:21,48
DA:26,48
DA:29,1
DA:30,44
DA:31,44
DA:34,44
DA:37,1
DA:38,2
DA:39,40
DA:43,1
DA:44,0
DA:45,0
DA:50,1
DA:51,1
DA:52,1
DA:53,1
DA:57,1
LF:27
LH:25
BRDA:16,0,0,48
BRF:1
BRH:1
end_of_record
